{"C:\\Users\\Bayu\\phase3\\palms-ballroom-server\\user\\app.js": {"path":"C:\\Users\\Bayu\\phase3\\palms-ballroom-server\\user\\app.js","statementMap":{"0":{"start":{"line":1,"column":0},"end":{"line":3,"column":1}},"1":{"start":{"line":2,"column":2},"end":{"line":2,"column":29}},"2":{"start":{"line":4,"column":16},"end":{"line":4,"column":34}},"3":{"start":{"line":5,"column":12},"end":{"line":5,"column":21}},"4":{"start":{"line":6,"column":13},"end":{"line":6,"column":37}},"5":{"start":{"line":7,"column":13},"end":{"line":7,"column":28}},"6":{"start":{"line":8,"column":15},"end":{"line":8,"column":34}},"7":{"start":{"line":9,"column":19},"end":{"line":9,"column":53}},"8":{"start":{"line":10,"column":20},"end":{"line":10,"column":51}},"9":{"start":{"line":12,"column":0},"end":{"line":12,"column":16}},"10":{"start":{"line":13,"column":0},"end":{"line":13,"column":49}},"11":{"start":{"line":14,"column":0},"end":{"line":14,"column":24}},"12":{"start":{"line":15,"column":0},"end":{"line":15,"column":21}},"13":{"start":{"line":16,"column":0},"end":{"line":16,"column":32}},"14":{"start":{"line":18,"column":0},"end":{"line":18,"column":20}},"15":{"start":{"line":24,"column":0},"end":{"line":24,"column":20}}},"fnMap":{},"branchMap":{"0":{"loc":{"start":{"line":1,"column":0},"end":{"line":3,"column":1}},"type":"if","locations":[{"start":{"line":1,"column":0},"end":{"line":3,"column":1}},{"start":{},"end":{}}],"line":1},"1":{"loc":{"start":{"line":6,"column":13},"end":{"line":6,"column":37}},"type":"binary-expr","locations":[{"start":{"line":6,"column":13},"end":{"line":6,"column":29}},{"start":{"line":6,"column":33},"end":{"line":6,"column":37}}],"line":6}},"s":{"0":1,"1":1,"2":1,"3":1,"4":1,"5":1,"6":1,"7":1,"8":1,"9":1,"10":1,"11":1,"12":1,"13":1,"14":1,"15":1},"f":{},"b":{"0":[1,0],"1":[1,1]},"_coverageSchema":"1a1c01bbd47fc00a2c39e90264f33305004495a9","hash":"62417697cc0f6f296697e43d10e15c70d7395fd4"}
,"C:\\Users\\Bayu\\phase3\\palms-ballroom-server\\user\\API\\xendit.js": {"path":"C:\\Users\\Bayu\\phase3\\palms-ballroom-server\\user\\API\\xendit.js","statementMap":{"0":{"start":{"line":1,"column":15},"end":{"line":1,"column":37}},"1":{"start":{"line":2,"column":10},"end":{"line":4,"column":2}},"2":{"start":{"line":8,"column":20},"end":{"line":8,"column":21}},"3":{"start":{"line":9,"column":16},"end":{"line":9,"column":31}},"4":{"start":{"line":14,"column":4},"end":{"line":20,"column":7}},"5":{"start":{"line":23,"column":4},"end":{"line":23,"column":48}},"6":{"start":{"line":26,"column":4},"end":{"line":26,"column":45}},"7":{"start":{"line":29,"column":0},"end":{"line":29,"column":31}}},"fnMap":{"0":{"name":"(anonymous_0)","decl":{"start":{"line":12,"column":2},"end":{"line":12,"column":3}},"loc":{"start":{"line":12,"column":55},"end":{"line":21,"column":3}},"line":12},"1":{"name":"(anonymous_1)","decl":{"start":{"line":22,"column":2},"end":{"line":22,"column":3}},"loc":{"start":{"line":22,"column":34},"end":{"line":24,"column":3}},"line":22},"2":{"name":"(anonymous_2)","decl":{"start":{"line":25,"column":2},"end":{"line":25,"column":3}},"loc":{"start":{"line":25,"column":31},"end":{"line":27,"column":3}},"line":25}},"branchMap":{},"s":{"0":1,"1":1,"2":1,"3":1,"4":0,"5":0,"6":0,"7":1},"f":{"0":0,"1":0,"2":0},"b":{},"_coverageSchema":"1a1c01bbd47fc00a2c39e90264f33305004495a9","hash":"3d3efe23785b2ce6ee5d6025b8d7f79021381672"}
,"C:\\Users\\Bayu\\phase3\\palms-ballroom-server\\user\\controllers\\AuthController.js": {"path":"C:\\Users\\Bayu\\phase3\\palms-ballroom-server\\user\\controllers\\AuthController.js","statementMap":{"0":{"start":{"line":1,"column":28},"end":{"line":1,"column":56}},"1":{"start":{"line":2,"column":24},"end":{"line":2,"column":49}},"2":{"start":{"line":3,"column":17},"end":{"line":3,"column":38}},"3":{"start":{"line":7,"column":4},"end":{"line":24,"column":5}},"4":{"start":{"line":8,"column":24},"end":{"line":16,"column":8}},"5":{"start":{"line":17,"column":6},"end":{"line":20,"column":9}},"6":{"start":{"line":22,"column":6},"end":{"line":22,"column":22}},"7":{"start":{"line":23,"column":6},"end":{"line":23,"column":16}},"8":{"start":{"line":28,"column":4},"end":{"line":44,"column":5}},"9":{"start":{"line":29,"column":24},"end":{"line":37,"column":8}},"10":{"start":{"line":38,"column":6},"end":{"line":41,"column":9}},"11":{"start":{"line":43,"column":6},"end":{"line":43,"column":16}},"12":{"start":{"line":48,"column":4},"end":{"line":53,"column":5}},"13":{"start":{"line":49,"column":22},"end":{"line":49,"column":42}},"14":{"start":{"line":50,"column":6},"end":{"line":50,"column":36}},"15":{"start":{"line":52,"column":6},"end":{"line":52,"column":53}},"16":{"start":{"line":57,"column":4},"end":{"line":88,"column":5}},"17":{"start":{"line":58,"column":34},"end":{"line":58,"column":42}},"18":{"start":{"line":59,"column":6},"end":{"line":59,"column":35}},"19":{"start":{"line":60,"column":25},"end":{"line":64,"column":8}},"20":{"start":{"line":65,"column":6},"end":{"line":65,"column":64}},"21":{"start":{"line":65,"column":23},"end":{"line":65,"column":64}},"22":{"start":{"line":67,"column":33},"end":{"line":67,"column":79}},"23":{"start":{"line":69,"column":6},"end":{"line":69,"column":72}},"24":{"start":{"line":69,"column":31},"end":{"line":69,"column":72}},"25":{"start":{"line":71,"column":22},"end":{"line":75,"column":7}},"26":{"start":{"line":77,"column":26},"end":{"line":77,"column":46}},"27":{"start":{"line":78,"column":6},"end":{"line":84,"column":9}},"28":{"start":{"line":86,"column":6},"end":{"line":86,"column":23}},"29":{"start":{"line":87,"column":6},"end":{"line":87,"column":16}},"30":{"start":{"line":92,"column":0},"end":{"line":92,"column":32}}},"fnMap":{"0":{"name":"(anonymous_0)","decl":{"start":{"line":6,"column":2},"end":{"line":6,"column":3}},"loc":{"start":{"line":6,"column":40},"end":{"line":25,"column":3}},"line":6},"1":{"name":"(anonymous_1)","decl":{"start":{"line":27,"column":2},"end":{"line":27,"column":3}},"loc":{"start":{"line":27,"column":48},"end":{"line":45,"column":3}},"line":27},"2":{"name":"(anonymous_2)","decl":{"start":{"line":47,"column":2},"end":{"line":47,"column":3}},"loc":{"start":{"line":47,"column":39},"end":{"line":54,"column":3}},"line":47},"3":{"name":"(anonymous_3)","decl":{"start":{"line":56,"column":2},"end":{"line":56,"column":3}},"loc":{"start":{"line":56,"column":37},"end":{"line":89,"column":3}},"line":56}},"branchMap":{"0":{"loc":{"start":{"line":65,"column":6},"end":{"line":65,"column":64}},"type":"if","locations":[{"start":{"line":65,"column":6},"end":{"line":65,"column":64}},{"start":{},"end":{}}],"line":65},"1":{"loc":{"start":{"line":69,"column":6},"end":{"line":69,"column":72}},"type":"if","locations":[{"start":{"line":69,"column":6},"end":{"line":69,"column":72}},{"start":{},"end":{}}],"line":69}},"s":{"0":1,"1":1,"2":1,"3":5,"4":5,"5":1,"6":4,"7":4,"8":5,"9":5,"10":1,"11":4,"12":0,"13":0,"14":0,"15":0,"16":1,"17":1,"18":1,"19":1,"20":1,"21":0,"22":1,"23":1,"24":0,"25":1,"26":1,"27":1,"28":0,"29":0,"30":1},"f":{"0":5,"1":5,"2":0,"3":1},"b":{"0":[0,1],"1":[0,1]},"_coverageSchema":"1a1c01bbd47fc00a2c39e90264f33305004495a9","hash":"e4f4bedfa8b65887308595322b1145b5476e8535"}
,"C:\\Users\\Bayu\\phase3\\palms-ballroom-server\\user\\controllers\\TransactionController.js": {"path":"C:\\Users\\Bayu\\phase3\\palms-ballroom-server\\user\\controllers\\TransactionController.js","statementMap":{"0":{"start":{"line":1,"column":24},"end":{"line":1,"column":44}},"1":{"start":{"line":5,"column":4},"end":{"line":14,"column":5}},"2":{"start":{"line":6,"column":22},"end":{"line":10,"column":8}},"3":{"start":{"line":11,"column":6},"end":{"line":11,"column":36}},"4":{"start":{"line":13,"column":6},"end":{"line":13,"column":50}},"5":{"start":{"line":18,"column":4},"end":{"line":42,"column":5}},"6":{"start":{"line":19,"column":50},"end":{"line":19,"column":58}},"7":{"start":{"line":20,"column":26},"end":{"line":20,"column":36}},"8":{"start":{"line":21,"column":6},"end":{"line":21,"column":46}},"9":{"start":{"line":23,"column":16},"end":{"line":30,"column":7}},"10":{"start":{"line":34,"column":29},"end":{"line":34,"column":58}},"11":{"start":{"line":35,"column":6},"end":{"line":38,"column":9}},"12":{"start":{"line":40,"column":6},"end":{"line":40,"column":25}},"13":{"start":{"line":41,"column":6},"end":{"line":41,"column":18}},"14":{"start":{"line":46,"column":0},"end":{"line":46,"column":39}}},"fnMap":{"0":{"name":"(anonymous_0)","decl":{"start":{"line":4,"column":2},"end":{"line":4,"column":3}},"loc":{"start":{"line":4,"column":58},"end":{"line":15,"column":3}},"line":4},"1":{"name":"(anonymous_1)","decl":{"start":{"line":17,"column":2},"end":{"line":17,"column":3}},"loc":{"start":{"line":17,"column":41},"end":{"line":43,"column":3}},"line":17}},"branchMap":{},"s":{"0":1,"1":0,"2":0,"3":0,"4":0,"5":0,"6":0,"7":0,"8":0,"9":0,"10":0,"11":0,"12":0,"13":0,"14":1},"f":{"0":0,"1":0},"b":{},"_coverageSchema":"1a1c01bbd47fc00a2c39e90264f33305004495a9","hash":"6d4f097bc1a5f4a896ca350cecd9e64c96b108bb"}
,"C:\\Users\\Bayu\\phase3\\palms-ballroom-server\\user\\controllers\\xenditController.js": {"path":"C:\\Users\\Bayu\\phase3\\palms-ballroom-server\\user\\controllers\\xenditController.js","statementMap":{"0":{"start":{"line":1,"column":53},"end":{"line":1,"column":77}},"1":{"start":{"line":2,"column":24},"end":{"line":2,"column":44}},"2":{"start":{"line":6,"column":34},"end":{"line":6,"column":42}},"3":{"start":{"line":7,"column":18},"end":{"line":7,"column":32}},"4":{"start":{"line":8,"column":23},"end":{"line":8,"column":34}},"5":{"start":{"line":9,"column":20},"end":{"line":9,"column":71}},"6":{"start":{"line":10,"column":4},"end":{"line":10,"column":25}},"7":{"start":{"line":11,"column":4},"end":{"line":20,"column":7}},"8":{"start":{"line":23,"column":4},"end":{"line":47,"column":5}},"9":{"start":{"line":24,"column":6},"end":{"line":24,"column":28}},"10":{"start":{"line":25,"column":21},"end":{"line":25,"column":36}},"11":{"start":{"line":26,"column":6},"end":{"line":44,"column":7}},"12":{"start":{"line":27,"column":29},"end":{"line":36,"column":9}},"13":{"start":{"line":37,"column":8},"end":{"line":37,"column":53}},"14":{"start":{"line":39,"column":8},"end":{"line":43,"column":10}},"15":{"start":{"line":46,"column":6},"end":{"line":46,"column":16}},"16":{"start":{"line":51,"column":0},"end":{"line":51,"column":28}}},"fnMap":{"0":{"name":"(anonymous_0)","decl":{"start":{"line":5,"column":2},"end":{"line":5,"column":3}},"loc":{"start":{"line":5,"column":45},"end":{"line":21,"column":3}},"line":5},"1":{"name":"(anonymous_1)","decl":{"start":{"line":22,"column":2},"end":{"line":22,"column":3}},"loc":{"start":{"line":22,"column":49},"end":{"line":48,"column":3}},"line":22}},"branchMap":{"0":{"loc":{"start":{"line":26,"column":6},"end":{"line":44,"column":7}},"type":"if","locations":[{"start":{"line":26,"column":6},"end":{"line":44,"column":7}},{"start":{"line":38,"column":13},"end":{"line":44,"column":7}}],"line":26}},"s":{"0":1,"1":1,"2":0,"3":0,"4":0,"5":0,"6":0,"7":0,"8":0,"9":0,"10":0,"11":0,"12":0,"13":0,"14":0,"15":0,"16":1},"f":{"0":0,"1":0},"b":{"0":[0,0]},"_coverageSchema":"1a1c01bbd47fc00a2c39e90264f33305004495a9","hash":"ae7eb1f0ed790e2f6b78f420b6629d5ce154ddca"}
,"C:\\Users\\Bayu\\phase3\\palms-ballroom-server\\user\\helpers\\bcrypt.js": {"path":"C:\\Users\\Bayu\\phase3\\palms-ballroom-server\\user\\helpers\\bcrypt.js","statementMap":{"0":{"start":{"line":1,"column":15},"end":{"line":1,"column":32}},"1":{"start":{"line":4,"column":2},"end":{"line":4,"column":39}},"2":{"start":{"line":8,"column":2},"end":{"line":8,"column":52}},"3":{"start":{"line":11,"column":0},"end":{"line":11,"column":51}}},"fnMap":{"0":{"name":"hashPassword","decl":{"start":{"line":3,"column":9},"end":{"line":3,"column":21}},"loc":{"start":{"line":3,"column":32},"end":{"line":5,"column":1}},"line":3},"1":{"name":"comparePassword","decl":{"start":{"line":7,"column":9},"end":{"line":7,"column":24}},"loc":{"start":{"line":7,"column":49},"end":{"line":9,"column":1}},"line":7}},"branchMap":{},"s":{"0":1,"1":6,"2":1,"3":1},"f":{"0":6,"1":1},"b":{},"_coverageSchema":"1a1c01bbd47fc00a2c39e90264f33305004495a9","hash":"11ba90a1311ad39f1c5b623a484f64a82baa5ce5"}
,"C:\\Users\\Bayu\\phase3\\palms-ballroom-server\\user\\helpers\\jwt.js": {"path":"C:\\Users\\Bayu\\phase3\\palms-ballroom-server\\user\\helpers\\jwt.js","statementMap":{"0":{"start":{"line":1,"column":0},"end":{"line":3,"column":1}},"1":{"start":{"line":2,"column":2},"end":{"line":2,"column":29}},"2":{"start":{"line":4,"column":12},"end":{"line":4,"column":35}},"3":{"start":{"line":7,"column":2},"end":{"line":7,"column":47}},"4":{"start":{"line":11,"column":2},"end":{"line":11,"column":47}},"5":{"start":{"line":14,"column":0},"end":{"line":14,"column":44}}},"fnMap":{"0":{"name":"createToken","decl":{"start":{"line":6,"column":9},"end":{"line":6,"column":20}},"loc":{"start":{"line":6,"column":30},"end":{"line":8,"column":1}},"line":6},"1":{"name":"readToken","decl":{"start":{"line":10,"column":9},"end":{"line":10,"column":18}},"loc":{"start":{"line":10,"column":26},"end":{"line":12,"column":1}},"line":10}},"branchMap":{"0":{"loc":{"start":{"line":1,"column":0},"end":{"line":3,"column":1}},"type":"if","locations":[{"start":{"line":1,"column":0},"end":{"line":3,"column":1}},{"start":{},"end":{}}],"line":1}},"s":{"0":1,"1":1,"2":1,"3":1,"4":5,"5":1},"f":{"0":1,"1":5},"b":{"0":[1,0]},"_coverageSchema":"1a1c01bbd47fc00a2c39e90264f33305004495a9","hash":"6b5e1335c9f50a559f0a34f74676f3eb35511da9"}
,"C:\\Users\\Bayu\\phase3\\palms-ballroom-server\\user\\middleware\\authAuthor.js": {"path":"C:\\Users\\Bayu\\phase3\\palms-ballroom-server\\user\\middleware\\authAuthor.js","statementMap":{"0":{"start":{"line":1,"column":33},"end":{"line":1,"column":53}},"1":{"start":{"line":2,"column":22},"end":{"line":2,"column":47}},"2":{"start":{"line":4,"column":19},"end":{"line":15,"column":1}},"3":{"start":{"line":5,"column":2},"end":{"line":14,"column":3}},"4":{"start":{"line":6,"column":4},"end":{"line":6,"column":69}},"5":{"start":{"line":6,"column":34},"end":{"line":6,"column":69}},"6":{"start":{"line":7,"column":18},"end":{"line":7,"column":53}},"7":{"start":{"line":8,"column":17},"end":{"line":8,"column":70}},"8":{"start":{"line":9,"column":4},"end":{"line":9,"column":42}},"9":{"start":{"line":9,"column":15},"end":{"line":9,"column":42}},"10":{"start":{"line":10,"column":4},"end":{"line":10,"column":20}},"11":{"start":{"line":11,"column":4},"end":{"line":11,"column":11}},"12":{"start":{"line":13,"column":4},"end":{"line":13,"column":13}},"13":{"start":{"line":17,"column":27},"end":{"line":28,"column":1}},"14":{"start":{"line":18,"column":2},"end":{"line":27,"column":3}},"15":{"start":{"line":19,"column":4},"end":{"line":19,"column":69}},"16":{"start":{"line":19,"column":34},"end":{"line":19,"column":69}},"17":{"start":{"line":20,"column":18},"end":{"line":20,"column":53}},"18":{"start":{"line":21,"column":17},"end":{"line":21,"column":74}},"19":{"start":{"line":22,"column":4},"end":{"line":22,"column":42}},"20":{"start":{"line":22,"column":15},"end":{"line":22,"column":42}},"21":{"start":{"line":23,"column":4},"end":{"line":23,"column":20}},"22":{"start":{"line":24,"column":4},"end":{"line":24,"column":11}},"23":{"start":{"line":26,"column":4},"end":{"line":26,"column":13}},"24":{"start":{"line":30,"column":16},"end":{"line":43,"column":1}},"25":{"start":{"line":31,"column":2},"end":{"line":42,"column":3}},"26":{"start":{"line":32,"column":25},"end":{"line":32,"column":33}},"27":{"start":{"line":33,"column":4},"end":{"line":37,"column":5}},"28":{"start":{"line":34,"column":19},"end":{"line":34,"column":68}},"29":{"start":{"line":35,"column":6},"end":{"line":35,"column":48}},"30":{"start":{"line":35,"column":16},"end":{"line":35,"column":48}},"31":{"start":{"line":36,"column":6},"end":{"line":36,"column":53}},"32":{"start":{"line":36,"column":29},"end":{"line":36,"column":53}},"33":{"start":{"line":38,"column":4},"end":{"line":38,"column":10}},"34":{"start":{"line":41,"column":4},"end":{"line":41,"column":13}},"35":{"start":{"line":45,"column":24},"end":{"line":56,"column":1}},"36":{"start":{"line":46,"column":2},"end":{"line":55,"column":3}},"37":{"start":{"line":47,"column":21},"end":{"line":47,"column":29}},"38":{"start":{"line":48,"column":4},"end":{"line":50,"column":5}},"39":{"start":{"line":49,"column":6},"end":{"line":49,"column":30}},"40":{"start":{"line":51,"column":4},"end":{"line":51,"column":17}},"41":{"start":{"line":54,"column":4},"end":{"line":54,"column":13}},"42":{"start":{"line":58,"column":0},"end":{"line":63,"column":1}}},"fnMap":{"0":{"name":"(anonymous_0)","decl":{"start":{"line":4,"column":19},"end":{"line":4,"column":20}},"loc":{"start":{"line":4,"column":51},"end":{"line":15,"column":1}},"line":4},"1":{"name":"(anonymous_1)","decl":{"start":{"line":17,"column":27},"end":{"line":17,"column":28}},"loc":{"start":{"line":17,"column":59},"end":{"line":28,"column":1}},"line":17},"2":{"name":"(anonymous_2)","decl":{"start":{"line":30,"column":16},"end":{"line":30,"column":17}},"loc":{"start":{"line":30,"column":46},"end":{"line":43,"column":1}},"line":30},"3":{"name":"(anonymous_3)","decl":{"start":{"line":45,"column":24},"end":{"line":45,"column":25}},"loc":{"start":{"line":45,"column":54},"end":{"line":56,"column":1}},"line":45}},"branchMap":{"0":{"loc":{"start":{"line":6,"column":4},"end":{"line":6,"column":69}},"type":"if","locations":[{"start":{"line":6,"column":4},"end":{"line":6,"column":69}},{"start":{},"end":{}}],"line":6},"1":{"loc":{"start":{"line":9,"column":4},"end":{"line":9,"column":42}},"type":"if","locations":[{"start":{"line":9,"column":4},"end":{"line":9,"column":42}},{"start":{},"end":{}}],"line":9},"2":{"loc":{"start":{"line":19,"column":4},"end":{"line":19,"column":69}},"type":"if","locations":[{"start":{"line":19,"column":4},"end":{"line":19,"column":69}},{"start":{},"end":{}}],"line":19},"3":{"loc":{"start":{"line":22,"column":4},"end":{"line":22,"column":42}},"type":"if","locations":[{"start":{"line":22,"column":4},"end":{"line":22,"column":42}},{"start":{},"end":{}}],"line":22},"4":{"loc":{"start":{"line":33,"column":4},"end":{"line":37,"column":5}},"type":"if","locations":[{"start":{"line":33,"column":4},"end":{"line":37,"column":5}},{"start":{},"end":{}}],"line":33},"5":{"loc":{"start":{"line":35,"column":6},"end":{"line":35,"column":48}},"type":"if","locations":[{"start":{"line":35,"column":6},"end":{"line":35,"column":48}},{"start":{},"end":{}}],"line":35},"6":{"loc":{"start":{"line":36,"column":6},"end":{"line":36,"column":53}},"type":"if","locations":[{"start":{"line":36,"column":6},"end":{"line":36,"column":53}},{"start":{},"end":{}}],"line":36},"7":{"loc":{"start":{"line":48,"column":4},"end":{"line":50,"column":5}},"type":"if","locations":[{"start":{"line":48,"column":4},"end":{"line":50,"column":5}},{"start":{},"end":{}}],"line":48}},"s":{"0":1,"1":1,"2":1,"3":5,"4":5,"5":0,"6":5,"7":5,"8":5,"9":0,"10":5,"11":5,"12":0,"13":1,"14":0,"15":0,"16":0,"17":0,"18":0,"19":0,"20":0,"21":0,"22":0,"23":0,"24":1,"25":0,"26":0,"27":0,"28":0,"29":0,"30":0,"31":0,"32":0,"33":0,"34":0,"35":1,"36":0,"37":0,"38":0,"39":0,"40":0,"41":0,"42":1},"f":{"0":5,"1":0,"2":0,"3":0},"b":{"0":[0,5],"1":[0,5],"2":[0,0],"3":[0,0],"4":[0,0],"5":[0,0],"6":[0,0],"7":[0,0]},"_coverageSchema":"1a1c01bbd47fc00a2c39e90264f33305004495a9","hash":"dead4a5d490d4277d75f3960a109db8199bebdc0"}
,"C:\\Users\\Bayu\\phase3\\palms-ballroom-server\\user\\middleware\\errhandler.js": {"path":"C:\\Users\\Bayu\\phase3\\palms-ballroom-server\\user\\middleware\\errhandler.js","statementMap":{"0":{"start":{"line":1,"column":19},"end":{"line":44,"column":1}},"1":{"start":{"line":2,"column":2},"end":{"line":43,"column":3}},"2":{"start":{"line":3,"column":4},"end":{"line":42,"column":5}},"3":{"start":{"line":5,"column":8},"end":{"line":5,"column":22}},"4":{"start":{"line":6,"column":8},"end":{"line":8,"column":9}},"5":{"start":{"line":6,"column":20},"end":{"line":6,"column":21}},"6":{"start":{"line":7,"column":10},"end":{"line":7,"column":47}},"7":{"start":{"line":9,"column":8},"end":{"line":9,"column":49}},"8":{"start":{"line":10,"column":8},"end":{"line":10,"column":14}},"9":{"start":{"line":13,"column":8},"end":{"line":13,"column":64}},"10":{"start":{"line":14,"column":8},"end":{"line":14,"column":14}},"11":{"start":{"line":17,"column":8},"end":{"line":17,"column":61}},"12":{"start":{"line":18,"column":8},"end":{"line":18,"column":14}},"13":{"start":{"line":21,"column":8},"end":{"line":21,"column":54}},"14":{"start":{"line":22,"column":8},"end":{"line":22,"column":14}},"15":{"start":{"line":25,"column":8},"end":{"line":25,"column":62}},"16":{"start":{"line":26,"column":8},"end":{"line":26,"column":14}},"17":{"start":{"line":29,"column":8},"end":{"line":29,"column":59}},"18":{"start":{"line":30,"column":8},"end":{"line":30,"column":14}},"19":{"start":{"line":33,"column":8},"end":{"line":33,"column":51}},"20":{"start":{"line":34,"column":8},"end":{"line":34,"column":14}},"21":{"start":{"line":37,"column":8},"end":{"line":37,"column":72}},"22":{"start":{"line":38,"column":8},"end":{"line":38,"column":14}},"23":{"start":{"line":41,"column":8},"end":{"line":41,"column":63}},"24":{"start":{"line":46,"column":0},"end":{"line":46,"column":28}}},"fnMap":{"0":{"name":"(anonymous_0)","decl":{"start":{"line":1,"column":19},"end":{"line":1,"column":20}},"loc":{"start":{"line":1,"column":50},"end":{"line":44,"column":1}},"line":1}},"branchMap":{"0":{"loc":{"start":{"line":2,"column":2},"end":{"line":43,"column":3}},"type":"if","locations":[{"start":{"line":2,"column":2},"end":{"line":43,"column":3}},{"start":{},"end":{}}],"line":2},"1":{"loc":{"start":{"line":3,"column":4},"end":{"line":42,"column":5}},"type":"switch","locations":[{"start":{"line":4,"column":6},"end":{"line":10,"column":14}},{"start":{"line":12,"column":6},"end":{"line":14,"column":14}},{"start":{"line":16,"column":6},"end":{"line":18,"column":14}},{"start":{"line":20,"column":6},"end":{"line":22,"column":14}},{"start":{"line":24,"column":6},"end":{"line":26,"column":14}},{"start":{"line":28,"column":6},"end":{"line":30,"column":14}},{"start":{"line":32,"column":6},"end":{"line":34,"column":14}},{"start":{"line":36,"column":6},"end":{"line":38,"column":14}},{"start":{"line":40,"column":6},"end":{"line":41,"column":63}}],"line":3}},"s":{"0":1,"1":8,"2":8,"3":8,"4":8,"5":8,"6":26,"7":8,"8":8,"9":0,"10":0,"11":0,"12":0,"13":0,"14":0,"15":0,"16":0,"17":0,"18":0,"19":0,"20":0,"21":0,"22":0,"23":0,"24":1},"f":{"0":8},"b":{"0":[8,0],"1":[8,0,0,0,0,0,0,0,0]},"_coverageSchema":"1a1c01bbd47fc00a2c39e90264f33305004495a9","hash":"60f76246561aa76b72c6d8519fa0aff7024a9202"}
,"C:\\Users\\Bayu\\phase3\\palms-ballroom-server\\user\\models\\customer.js": {"path":"C:\\Users\\Bayu\\phase3\\palms-ballroom-server\\user\\models\\customer.js","statementMap":{"0":{"start":{"line":2,"column":18},"end":{"line":2,"column":38}},"1":{"start":{"line":3,"column":25},"end":{"line":3,"column":56}},"2":{"start":{"line":4,"column":0},"end":{"line":86,"column":2}},"3":{"start":{"line":13,"column":6},"end":{"line":13,"column":69}},"4":{"start":{"line":16,"column":2},"end":{"line":81,"column":4}},"5":{"start":{"line":82,"column":2},"end":{"line":84,"column":5}},"6":{"start":{"line":83,"column":4},"end":{"line":83,"column":56}},"7":{"start":{"line":85,"column":2},"end":{"line":85,"column":14}}},"fnMap":{"0":{"name":"(anonymous_0)","decl":{"start":{"line":4,"column":17},"end":{"line":4,"column":18}},"loc":{"start":{"line":4,"column":43},"end":{"line":86,"column":1}},"line":4},"1":{"name":"(anonymous_1)","decl":{"start":{"line":11,"column":4},"end":{"line":11,"column":5}},"loc":{"start":{"line":11,"column":29},"end":{"line":14,"column":5}},"line":11},"2":{"name":"(anonymous_2)","decl":{"start":{"line":82,"column":20},"end":{"line":82,"column":21}},"loc":{"start":{"line":82,"column":43},"end":{"line":84,"column":3}},"line":82}},"branchMap":{},"s":{"0":1,"1":1,"2":1,"3":1,"4":1,"5":1,"6":2,"7":1},"f":{"0":1,"1":1,"2":2},"b":{},"_coverageSchema":"1a1c01bbd47fc00a2c39e90264f33305004495a9","hash":"b1b8eb0c1edebff353943f47ec46f01beee891aa"}
,"C:\\Users\\Bayu\\phase3\\palms-ballroom-server\\user\\models\\index.js": {"path":"C:\\Users\\Bayu\\phase3\\palms-ballroom-server\\user\\models\\index.js","statementMap":{"0":{"start":{"line":3,"column":11},"end":{"line":3,"column":24}},"1":{"start":{"line":4,"column":13},"end":{"line":4,"column":28}},"2":{"start":{"line":5,"column":18},"end":{"line":5,"column":38}},"3":{"start":{"line":6,"column":17},"end":{"line":6,"column":42}},"4":{"start":{"line":7,"column":12},"end":{"line":7,"column":49}},"5":{"start":{"line":8,"column":15},"end":{"line":8,"column":65}},"6":{"start":{"line":9,"column":11},"end":{"line":9,"column":13}},"7":{"start":{"line":12,"column":0},"end":{"line":16,"column":1}},"8":{"start":{"line":13,"column":2},"end":{"line":13,"column":74}},"9":{"start":{"line":15,"column":2},"end":{"line":15,"column":87}},"10":{"start":{"line":18,"column":0},"end":{"line":26,"column":5}},"11":{"start":{"line":21,"column":4},"end":{"line":21,"column":90}},"12":{"start":{"line":24,"column":18},"end":{"line":24,"column":85}},"13":{"start":{"line":25,"column":4},"end":{"line":25,"column":27}},"14":{"start":{"line":28,"column":0},"end":{"line":32,"column":3}},"15":{"start":{"line":29,"column":2},"end":{"line":31,"column":3}},"16":{"start":{"line":30,"column":4},"end":{"line":30,"column":32}},"17":{"start":{"line":34,"column":0},"end":{"line":34,"column":25}},"18":{"start":{"line":35,"column":0},"end":{"line":35,"column":25}},"19":{"start":{"line":37,"column":0},"end":{"line":37,"column":20}}},"fnMap":{"0":{"name":"(anonymous_0)","decl":{"start":{"line":20,"column":10},"end":{"line":20,"column":11}},"loc":{"start":{"line":20,"column":18},"end":{"line":22,"column":3}},"line":20},"1":{"name":"(anonymous_1)","decl":{"start":{"line":23,"column":11},"end":{"line":23,"column":12}},"loc":{"start":{"line":23,"column":19},"end":{"line":26,"column":3}},"line":23},"2":{"name":"(anonymous_2)","decl":{"start":{"line":28,"column":24},"end":{"line":28,"column":25}},"loc":{"start":{"line":28,"column":37},"end":{"line":32,"column":1}},"line":28}},"branchMap":{"0":{"loc":{"start":{"line":7,"column":12},"end":{"line":7,"column":49}},"type":"binary-expr","locations":[{"start":{"line":7,"column":12},"end":{"line":7,"column":32}},{"start":{"line":7,"column":36},"end":{"line":7,"column":49}}],"line":7},"1":{"loc":{"start":{"line":12,"column":0},"end":{"line":16,"column":1}},"type":"if","locations":[{"start":{"line":12,"column":0},"end":{"line":16,"column":1}},{"start":{"line":14,"column":7},"end":{"line":16,"column":1}}],"line":12},"2":{"loc":{"start":{"line":21,"column":11},"end":{"line":21,"column":89}},"type":"binary-expr","locations":[{"start":{"line":21,"column":12},"end":{"line":21,"column":35}},{"start":{"line":21,"column":41},"end":{"line":21,"column":58}},{"start":{"line":21,"column":64},"end":{"line":21,"column":88}}],"line":21},"3":{"loc":{"start":{"line":29,"column":2},"end":{"line":31,"column":3}},"type":"if","locations":[{"start":{"line":29,"column":2},"end":{"line":31,"column":3}},{"start":{},"end":{}}],"line":29}},"s":{"0":1,"1":1,"2":1,"3":1,"4":1,"5":1,"6":1,"7":1,"8":0,"9":1,"10":1,"11":3,"12":2,"13":2,"14":1,"15":2,"16":2,"17":1,"18":1,"19":1},"f":{"0":3,"1":2,"2":2},"b":{"0":[1,0],"1":[0,1],"2":[3,3,2],"3":[2,0]},"_coverageSchema":"1a1c01bbd47fc00a2c39e90264f33305004495a9","hash":"1141478eea3f5b0e16d6d42f2e25d69ae3bf670e"}
,"C:\\Users\\Bayu\\phase3\\palms-ballroom-server\\user\\models\\transaction.js": {"path":"C:\\Users\\Bayu\\phase3\\palms-ballroom-server\\user\\models\\transaction.js","statementMap":{"0":{"start":{"line":2,"column":18},"end":{"line":2,"column":38}},"1":{"start":{"line":3,"column":0},"end":{"line":48,"column":2}},"2":{"start":{"line":12,"column":6},"end":{"line":12,"column":71}},"3":{"start":{"line":15,"column":2},"end":{"line":46,"column":4}},"4":{"start":{"line":47,"column":2},"end":{"line":47,"column":21}}},"fnMap":{"0":{"name":"(anonymous_0)","decl":{"start":{"line":3,"column":17},"end":{"line":3,"column":18}},"loc":{"start":{"line":3,"column":43},"end":{"line":48,"column":1}},"line":3},"1":{"name":"(anonymous_1)","decl":{"start":{"line":10,"column":4},"end":{"line":10,"column":5}},"loc":{"start":{"line":10,"column":29},"end":{"line":13,"column":5}},"line":10}},"branchMap":{},"s":{"0":1,"1":1,"2":1,"3":1,"4":1},"f":{"0":1,"1":1},"b":{},"_coverageSchema":"1a1c01bbd47fc00a2c39e90264f33305004495a9","hash":"fc54225de2c165910f586d4ce164c444d3ef6004"}
,"C:\\Users\\Bayu\\phase3\\palms-ballroom-server\\user\\routes\\index.js": {"path":"C:\\Users\\Bayu\\phase3\\palms-ballroom-server\\user\\routes\\index.js","statementMap":{"0":{"start":{"line":1,"column":16},"end":{"line":1,"column":34}},"1":{"start":{"line":2,"column":15},"end":{"line":2,"column":31}},"2":{"start":{"line":3,"column":23},"end":{"line":3,"column":63}},"3":{"start":{"line":4,"column":30},"end":{"line":4,"column":77}},"4":{"start":{"line":5,"column":44},"end":{"line":5,"column":79}},"5":{"start":{"line":7,"column":0},"end":{"line":7,"column":40}},"6":{"start":{"line":8,"column":0},"end":{"line":8,"column":44}},"7":{"start":{"line":9,"column":0},"end":{"line":9,"column":66}},"8":{"start":{"line":10,"column":0},"end":{"line":10,"column":25}},"9":{"start":{"line":11,"column":0},"end":{"line":11,"column":74}},"10":{"start":{"line":12,"column":0},"end":{"line":12,"column":86}},"11":{"start":{"line":13,"column":0},"end":{"line":13,"column":50}},"12":{"start":{"line":15,"column":0},"end":{"line":15,"column":24}}},"fnMap":{},"branchMap":{},"s":{"0":1,"1":1,"2":1,"3":1,"4":1,"5":1,"6":1,"7":1,"8":1,"9":1,"10":1,"11":1,"12":1},"f":{},"b":{},"_coverageSchema":"1a1c01bbd47fc00a2c39e90264f33305004495a9","hash":"115a659eee327936cf42a1dd2ac48ff62808ce41"}
,"C:\\Users\\Bayu\\phase3\\palms-ballroom-server\\user\\routes\\xenditRoute.js": {"path":"C:\\Users\\Bayu\\phase3\\palms-ballroom-server\\user\\routes\\xenditRoute.js","statementMap":{"0":{"start":{"line":1,"column":16},"end":{"line":1,"column":34}},"1":{"start":{"line":2,"column":15},"end":{"line":2,"column":31}},"2":{"start":{"line":3,"column":25},"end":{"line":3,"column":60}},"3":{"start":{"line":4,"column":19},"end":{"line":4,"column":61}},"4":{"start":{"line":6,"column":0},"end":{"line":6,"column":25}},"5":{"start":{"line":8,"column":0},"end":{"line":8,"column":61}},"6":{"start":{"line":10,"column":0},"end":{"line":10,"column":43}},"7":{"start":{"line":12,"column":0},"end":{"line":12,"column":24}}},"fnMap":{},"branchMap":{},"s":{"0":1,"1":1,"2":1,"3":1,"4":1,"5":1,"6":1,"7":1},"f":{},"b":{},"_coverageSchema":"1a1c01bbd47fc00a2c39e90264f33305004495a9","hash":"84c2e030d463dba45c611b28584d064d8347b264"}
}
